TN:
SF:/home/sistemas/Documentos/Cursos/NodeJs/platziverse/index.js
FN:10,(anonymous_0)
FNF:1
FNH:1
FNDA:11,(anonymous_0)
DA:3,11
DA:4,11
DA:5,11
DA:6,11
DA:7,11
DA:8,11
DA:10,11
DA:11,11
DA:23,11
DA:24,11
DA:25,11
DA:27,11
DA:28,11
DA:30,11
DA:32,11
DA:33,0
DA:36,11
DA:37,11
DA:39,11
LF:19
LH:18
BRDA:32,0,0,0
BRDA:32,0,1,11
BRF:2
BRH:1
end_of_record
TN:
SF:/home/sistemas/Documentos/Cursos/NodeJs/platziverse/lib/db.js
FN:6,setupDatabase
FNF:1
FNH:1
FNDA:11,setupDatabase
DA:3,2
DA:4,2
DA:6,2
DA:7,11
DA:8,2
DA:10,11
LF:6
LH:6
BRDA:7,0,0,2
BRDA:7,0,1,9
BRF:2
BRH:2
end_of_record
TN:
SF:/home/sistemas/Documentos/Cursos/NodeJs/platziverse/lib/lib_agent.js
FN:3,setupAgent
FN:4,findById
FN:8,findByUuid
FN:16,findAll
FN:20,findConnected
FN:28,findByUsername
FN:37,createOrUpdate
FNF:7
FNH:5
FNDA:11,setupAgent
FNDA:1,findById
FNDA:0,findByUuid
FNDA:1,findAll
FNDA:0,findConnected
FNDA:1,findByUsername
FNDA:2,createOrUpdate
DA:3,2
DA:5,1
DA:9,0
DA:17,1
DA:21,0
DA:29,1
DA:38,2
DA:44,2
DA:46,2
DA:47,1
DA:48,1
DA:51,1
DA:52,1
DA:55,11
LF:14
LH:12
BRDA:46,0,0,1
BRDA:46,0,1,1
BRDA:48,1,0,1
BRDA:48,1,1,0
BRF:4
BRH:3
end_of_record
TN:
SF:/home/sistemas/Documentos/Cursos/NodeJs/platziverse/lib/lib_metric.js
FN:3,setupMetric
FN:4,create
FN:18,findByAgentUuid
FN:33,findByTypeUuid
FNF:4
FNH:4
FNDA:11,setupMetric
FNDA:1,create
FNDA:1,findByAgentUuid
FNDA:1,findByTypeUuid
DA:3,2
DA:5,1
DA:11,1
DA:12,1
DA:13,1
DA:14,1
DA:19,1
DA:34,1
DA:52,11
LF:9
LH:9
BRDA:11,0,0,1
BRDA:11,0,1,0
BRF:2
BRH:1
end_of_record
TN:
SF:/home/sistemas/Documentos/Cursos/NodeJs/platziverse/models/agent.js
FN:6,setupAgentModel
FNF:1
FNH:0
FNDA:0,setupAgentModel
DA:3,2
DA:4,2
DA:6,2
DA:7,0
DA:9,0
LF:5
LH:3
BRF:0
BRH:0
end_of_record
TN:
SF:/home/sistemas/Documentos/Cursos/NodeJs/platziverse/models/metric.js
FN:6,setupMetricModel
FNF:1
FNH:0
FNDA:0,setupMetricModel
DA:3,2
DA:4,2
DA:6,2
DA:7,0
DA:9,0
LF:5
LH:3
BRF:0
BRH:0
end_of_record
TN:
SF:/home/sistemas/Documentos/Cursos/NodeJs/platziverse/tests/agent-tests.js
FN:13,(anonymous_4)
FN:53,(anonymous_5)
FN:87,(anonymous_6)
FN:88,(anonymous_7)
FN:93,(anonymous_8)
FN:97,(anonymous_9)
FN:101,(anonymous_10)
FN:108,(anonymous_11)
FN:117,(anonymous_12)
FN:128,(anonymous_13)
FN:141,(anonymous_14)
FN:152,(anonymous_15)
FNF:12
FNH:12
FNDA:7,(anonymous_4)
FNDA:7,(anonymous_5)
FNDA:7,(anonymous_6)
FNDA:7,(anonymous_7)
FNDA:7,(anonymous_8)
FNDA:1,(anonymous_9)
FNDA:1,(anonymous_10)
FNDA:1,(anonymous_11)
FNDA:1,(anonymous_12)
FNDA:1,(anonymous_13)
FNDA:1,(anonymous_14)
FNDA:1,(anonymous_15)
DA:3,1
DA:4,1
DA:5,1
DA:6,1
DA:8,1
DA:9,1
DA:10,1
DA:12,1
DA:16,1
DA:18,1
DA:22,1
DA:23,1
DA:25,1
DA:31,1
DA:37,1
DA:44,1
DA:53,1
DA:54,7
DA:56,7
DA:61,7
DA:62,7
DA:65,7
DA:66,7
DA:69,7
DA:70,7
DA:73,7
DA:74,7
DA:77,7
DA:78,7
DA:81,7
DA:82,7
DA:83,7
DA:84,7
DA:86,7
DA:87,7
DA:88,7
DA:90,7
DA:93,1
DA:94,7
DA:97,1
DA:98,1
DA:101,4
DA:102,1
DA:103,1
DA:104,1
DA:105,1
DA:108,3
DA:109,1
DA:110,1
DA:111,1
DA:112,1
DA:114,1
DA:117,4
DA:118,1
DA:120,1
DA:121,1
DA:122,1
DA:123,1
DA:125,1
DA:128,6
DA:129,1
DA:131,1
DA:132,1
DA:133,1
DA:134,1
DA:135,1
DA:136,1
DA:138,1
DA:141,3
DA:142,1
DA:144,1
DA:145,1
DA:146,1
DA:148,1
DA:149,1
DA:152,3
DA:153,1
DA:155,1
DA:156,1
DA:157,1
DA:159,1
DA:160,1
LF:82
LH:82
BRDA:94,0,0,7
BRDA:94,0,1,7
BRF:2
BRH:2
end_of_record
TN:
SF:/home/sistemas/Documentos/Cursos/NodeJs/platziverse/tests/metric_test.js
FN:11,(anonymous_4)
FN:65,(anonymous_5)
FN:93,(anonymous_6)
FN:94,(anonymous_7)
FN:99,(anonymous_8)
FN:103,(anonymous_9)
FN:107,(anonymous_10)
FN:119,(anonymous_11)
FN:129,(anonymous_12)
FNF:9
FNH:9
FNDA:4,(anonymous_4)
FNDA:4,(anonymous_5)
FNDA:4,(anonymous_6)
FNDA:4,(anonymous_7)
FNDA:4,(anonymous_8)
FNDA:1,(anonymous_9)
FNDA:1,(anonymous_10)
FNDA:1,(anonymous_11)
FNDA:1,(anonymous_12)
DA:3,1
DA:4,1
DA:5,1
DA:7,1
DA:8,1
DA:10,1
DA:14,1
DA:15,1
DA:17,1
DA:18,1
DA:19,1
DA:21,1
DA:23,1
DA:29,1
DA:35,1
DA:48,1
DA:65,1
DA:66,4
DA:68,4
DA:72,4
DA:77,4
DA:78,4
DA:80,4
DA:81,4
DA:83,4
DA:84,4
DA:87,4
DA:88,4
DA:89,4
DA:90,4
DA:92,4
DA:93,4
DA:94,4
DA:96,4
DA:99,1
DA:100,4
DA:103,1
DA:104,1
DA:107,5
DA:108,1
DA:110,1
DA:111,1
DA:112,1
DA:113,1
DA:114,1
DA:116,1
DA:119,3
DA:120,1
DA:122,1
DA:123,1
DA:124,1
DA:126,1
DA:129,3
DA:130,1
DA:132,1
DA:133,1
DA:134,1
DA:136,1
LF:58
LH:58
BRDA:100,0,0,4
BRDA:100,0,1,4
BRF:2
BRH:2
end_of_record
TN:
SF:/home/sistemas/Documentos/Cursos/NodeJs/platziverse/tests/fixtures/fx_agent.js
FN:22,extend
FN:30,(anonymous_1)
FN:31,(anonymous_2)
FN:32,(anonymous_3)
FN:32,(anonymous_4)
FN:33,(anonymous_5)
FN:33,(anonymous_6)
FNF:7
FNH:7
FNDA:6,extend
FNDA:8,(anonymous_1)
FNDA:8,(anonymous_2)
FNDA:14,(anonymous_3)
FNDA:56,(anonymous_4)
FNDA:9,(anonymous_5)
FNDA:36,(anonymous_6)
DA:3,2
DA:15,2
DA:23,6
DA:24,6
DA:27,2
DA:30,8
DA:31,8
DA:32,56
DA:33,36
LF:9
LH:9
BRF:0
BRH:0
end_of_record
TN:
SF:/home/sistemas/Documentos/Cursos/NodeJs/platziverse/tests/fixtures/fx_metric.js
FN:25,extend
FN:30,findByAgentUuid
FN:31,(anonymous_2)
FN:31,(anonymous_3)
FN:38,findByTypeUuid
FN:39,(anonymous_5)
FN:39,(anonymous_6)
FNF:7
FNH:7
FNDA:3,extend
FNDA:5,findByAgentUuid
FNDA:20,(anonymous_2)
FNDA:20,(anonymous_3)
FNDA:5,findByTypeUuid
FNDA:20,(anonymous_5)
FNDA:15,(anonymous_6)
DA:3,1
DA:4,1
DA:6,1
DA:8,1
DA:18,1
DA:26,3
DA:27,3
DA:31,20
DA:32,20
DA:33,20
DA:34,20
DA:39,20
DA:40,15
DA:41,15
DA:42,15
DA:43,15
DA:47,1
LF:17
LH:17
BRDA:31,0,0,20
BRDA:31,0,1,0
BRDA:39,1,0,20
BRDA:39,1,1,15
BRDA:39,2,0,15
BRDA:39,2,1,0
BRF:6
BRH:4
end_of_record
TN:
SF:/home/sistemas/Documentos/Cursos/NodeJs/platziverse/utils/utils.js
FN:3,sortBy
FN:4,(anonymous_1)
FNF:2
FNH:2
FNDA:5,sortBy
FNDA:10,(anonymous_1)
DA:4,5
DA:5,10
DA:6,10
DA:8,10
DA:9,0
DA:11,10
DA:12,0
DA:15,10
DA:20,1
LF:9
LH:7
BRDA:8,0,0,0
BRDA:8,0,1,10
BRDA:11,1,0,0
BRDA:11,1,1,10
BRF:4
BRH:2
end_of_record
